# JRE version: OpenJDK Runtime Environment (11.0.11+9) (build 11.0.11+9-b60-7590822)
# Java VM: OpenJDK 64-Bit Server VM (11.0.11+9-b60-7590822, mixed mode, tiered, compressed oops, g1 gc, windows-amd64)
Heap:
 garbage-first heap   total 479232K, used 165451K [0x0000000080000000, 0x0000000100000000)
  region size 1024K, 11 young (11264K), 11 survivors (11264K)
 Metaspace       used 101333K, capacity 103925K, committed 104104K, reserved 1138688K
  class space    used 13171K, capacity 14183K, committed 14208K, reserved 1048576K
GC Heap History (20 events):
Event: 18.990 GC heap after
{Heap after GC invocations=35 (full 0):
 garbage-first heap   total 385024K, used 161070K [0x0000000080000000, 0x0000000100000000)
  region size 1024K, 6 young (6144K), 6 survivors (6144K)
 Metaspace       used 99333K, capacity 101923K, committed 102056K, reserved 1136640K
  class space    used 13096K, capacity 14117K, committed 14208K, reserved 1048576K
}
Event: 20.127 GC heap before
{Heap before GC invocations=36 (full 0):
 garbage-first heap   total 385024K, used 279854K [0x0000000080000000, 0x0000000100000000)
  region size 1024K, 122 young (124928K), 6 survivors (6144K)
 Metaspace       used 99573K, capacity 102120K, committed 102568K, reserved 1138688K
  class space    used 13092K, capacity 14073K, committed 14208K, reserved 1048576K
}
Event: 20.145 GC heap after
{Heap after GC invocations=37 (full 0):
 garbage-first heap   total 385024K, used 161392K [0x0000000080000000, 0x0000000100000000)
  region size 1024K, 7 young (7168K), 7 survivors (7168K)
 Metaspace       used 99573K, capacity 102120K, committed 102568K, reserved 1138688K
  class space    used 13092K, capacity 14073K, committed 14208K, reserved 1048576K
}
Event: 20.476 GC heap before
{Heap before GC invocations=37 (full 0):
 garbage-first heap   total 385024K, used 294512K [0x0000000080000000, 0x0000000100000000)
  region size 1024K, 137 young (140288K), 7 survivors (7168K)
 Metaspace       used 99661K, capacity 102205K, committed 102568K, reserved 1138688K
  class space    used 13110K, capacity 14080K, committed 14208K, reserved 1048576K
}
Event: 20.485 GC heap after
{Heap after GC invocations=38 (full 0):
 garbage-first heap   total 385024K, used 162300K [0x0000000080000000, 0x0000000100000000)
  region size 1024K, 8 young (8192K), 8 survivors (8192K)
 Metaspace       used 99661K, capacity 102205K, committed 102568K, reserved 1138688K
  class space    used 13110K, capacity 14080K, committed 14208K, reserved 1048576K
}
Event: 21.508 GC heap before
{Heap before GC invocations=38 (full 0):
 garbage-first heap   total 385024K, used 324092K [0x0000000080000000, 0x0000000100000000)
  region size 1024K, 167 young (171008K), 8 survivors (8192K)
 Metaspace       used 99891K, capacity 102461K, committed 102824K, reserved 1138688K
  class space    used 13117K, capacity 14119K, committed 14208K, reserved 1048576K
}
Event: 21.522 GC heap after
{Heap after GC invocations=39 (full 0):
 garbage-first heap   total 385024K, used 161935K [0x0000000080000000, 0x0000000100000000)
  region size 1024K, 7 young (7168K), 7 survivors (7168K)
 Metaspace       used 99891K, capacity 102461K, committed 102824K, reserved 1138688K
  class space    used 13117K, capacity 14119K, committed 14208K, reserved 1048576K
}
Event: 21.934 GC heap before
{Heap before GC invocations=39 (full 0):
 garbage-first heap   total 385024K, used 327823K [0x0000000080000000, 0x0000000100000000)
  region size 1024K, 170 young (174080K), 7 survivors (7168K)
 Metaspace       used 100277K, capacity 102815K, committed 103080K, reserved 1138688K
  class space    used 13119K, capacity 14123K, committed 14208K, reserved 1048576K
}
Event: 21.945 GC heap after
{Heap after GC invocations=40 (full 0):
 garbage-first heap   total 385024K, used 162160K [0x0000000080000000, 0x0000000100000000)
  region size 1024K, 7 young (7168K), 7 survivors (7168K)
 Metaspace       used 100277K, capacity 102815K, committed 103080K, reserved 1138688K
  class space    used 13119K, capacity 14123K, committed 14208K, reserved 1048576K
}
Event: 22.475 GC heap before
{Heap before GC invocations=40 (full 0):
 garbage-first heap   total 385024K, used 330096K [0x0000000080000000, 0x0000000100000000)
  region size 1024K, 171 young (175104K), 7 survivors (7168K)
 Metaspace       used 100891K, capacity 103527K, committed 103592K, reserved 1138688K
  class space    used 13165K, capacity 14178K, committed 14208K, reserved 1048576K
}
Event: 22.487 GC heap after
{Heap after GC invocations=41 (full 0):
 garbage-first heap   total 385024K, used 162479K [0x0000000080000000, 0x0000000100000000)
  region size 1024K, 8 young (8192K), 8 survivors (8192K)
 Metaspace       used 100891K, capacity 103527K, committed 103592K, reserved 1138688K
  class space    used 13165K, capacity 14178K, committed 14208K, reserved 1048576K
}
Event: 22.818 GC heap before
{Heap before GC invocations=41 (full 0):
 garbage-first heap   total 385024K, used 330415K [0x0000000080000000, 0x0000000100000000)
  region size 1024K, 172 young (176128K), 8 survivors (8192K)
 Metaspace       used 100980K, capacity 103597K, committed 103848K, reserved 1138688K
  class space    used 13168K, capacity 14178K, committed 14208K, reserved 1048576K
}
Event: 22.830 GC heap after
{Heap after GC invocations=42 (full 0):
 garbage-first heap   total 385024K, used 164703K [0x0000000080000000, 0x0000000100000000)
  region size 1024K, 10 young (10240K), 10 survivors (10240K)
 Metaspace       used 100980K, capacity 103597K, committed 103848K, reserved 1138688K
  class space    used 13168K, capacity 14178K, committed 14208K, reserved 1048576K
}
Event: 23.172 GC heap before
{Heap before GC invocations=42 (full 0):
 garbage-first heap   total 385024K, used 332639K [0x0000000080000000, 0x0000000100000000)
  region size 1024K, 174 young (178176K), 10 survivors (10240K)
 Metaspace       used 101053K, capacity 103673K, committed 103848K, reserved 1138688K
  class space    used 13170K, capacity 14181K, committed 14208K, reserved 1048576K
}
Event: 23.185 GC heap after
{Heap after GC invocations=43 (full 0):
 garbage-first heap   total 385024K, used 165038K [0x0000000080000000, 0x0000000100000000)
  region size 1024K, 10 young (10240K), 10 survivors (10240K)
 Metaspace       used 101053K, capacity 103673K, committed 103848K, reserved 1138688K
  class space    used 13170K, capacity 14181K, committed 14208K, reserved 1048576K
}
Event: 23.570 GC heap before
{Heap before GC invocations=43 (full 0):
 garbage-first heap   total 385024K, used 335022K [0x0000000080000000, 0x0000000100000000)
  region size 1024K, 175 young (179200K), 10 survivors (10240K)
 Metaspace       used 101253K, capacity 103847K, committed 104104K, reserved 1138688K
  class space    used 13170K, capacity 14181K, committed 14208K, reserved 1048576K
}
Event: 23.584 GC heap after
{Heap after GC invocations=44 (full 0):
 garbage-first heap   total 385024K, used 164432K [0x0000000080000000, 0x0000000100000000)
  region size 1024K, 10 young (10240K), 10 survivors (10240K)
 Metaspace       used 101253K, capacity 103847K, committed 104104K, reserved 1138688K
  class space    used 13170K, capacity 14181K, committed 14208K, reserved 1048576K
}
Event: 23.896 GC heap before
{Heap before GC invocations=44 (full 0):
 garbage-first heap   total 385024K, used 333392K [0x0000000080000000, 0x0000000100000000)
  region size 1024K, 176 young (180224K), 10 survivors (10240K)
 Metaspace       used 101310K, capacity 103922K, committed 104104K, reserved 1138688K
  class space    used 13170K, capacity 14182K, committed 14208K, reserved 1048576K
}
Event: 23.912 GC heap after
{Heap after GC invocations=45 (full 0):
 garbage-first heap   total 385024K, used 164631K [0x0000000080000000, 0x0000000100000000)
  region size 1024K, 10 young (10240K), 10 survivors (10240K)
 Metaspace       used 101310K, capacity 103922K, committed 104104K, reserved 1138688K
  class space    used 13170K, capacity 14182K, committed 14208K, reserved 1048576K
}
Event: 24.233 GC heap before
{Heap before GC invocations=45 (full 0):
 garbage-first heap   total 385024K, used 334615K [0x0000000080000000, 0x0000000100000000)
  region size 1024K, 176 young (180224K), 10 survivors (10240K)
 Metaspace       used 101333K, capacity 103925K, committed 104104K, reserved 1138688K
  class space    used 13171K, capacity 14183K, committed 14208K, reserved 1048576K
}

