# JRE version: OpenJDK Runtime Environment (11.0.11+9) (build 11.0.11+9-b60-7590822)
# Java VM: OpenJDK 64-Bit Server VM (11.0.11+9-b60-7590822, mixed mode, tiered, compressed oops, g1 gc, windows-amd64)
Heap:
 garbage-first heap   total 466944K, used 156747K [0x0000000080000000, 0x0000000100000000)
  region size 1024K, 8 young (8192K), 8 survivors (8192K)
 Metaspace       used 101127K, capacity 103730K, committed 103888K, reserved 1138688K
  class space    used 13205K, capacity 14224K, committed 14336K, reserved 1048576K
GC Heap History (20 events):
Event: 18.630 GC heap after
{Heap after GC invocations=34 (full 0):
 garbage-first heap   total 373760K, used 150441K [0x0000000080000000, 0x0000000100000000)
  region size 1024K, 2 young (2048K), 2 survivors (2048K)
 Metaspace       used 98416K, capacity 100945K, committed 101072K, reserved 1136640K
  class space    used 13004K, capacity 13992K, committed 14080K, reserved 1048576K
}
Event: 19.749 GC heap before
{Heap before GC invocations=35 (full 0):
 garbage-first heap   total 373760K, used 242601K [0x0000000080000000, 0x0000000100000000)
  region size 1024K, 92 young (94208K), 2 survivors (2048K)
 Metaspace       used 99613K, capacity 102179K, committed 102480K, reserved 1138688K
  class space    used 13102K, capacity 14101K, committed 14208K, reserved 1048576K
}
Event: 19.759 GC heap after
{Heap after GC invocations=36 (full 0):
 garbage-first heap   total 373760K, used 150639K [0x0000000080000000, 0x0000000100000000)
  region size 1024K, 2 young (2048K), 2 survivors (2048K)
 Metaspace       used 99613K, capacity 102179K, committed 102480K, reserved 1138688K
  class space    used 13102K, capacity 14101K, committed 14208K, reserved 1048576K
}
Event: 20.364 GC heap before
{Heap before GC invocations=36 (full 0):
 garbage-first heap   total 373760K, used 270447K [0x0000000080000000, 0x0000000100000000)
  region size 1024K, 120 young (122880K), 2 survivors (2048K)
 Metaspace       used 99711K, capacity 102250K, committed 102480K, reserved 1138688K
  class space    used 13111K, capacity 14102K, committed 14208K, reserved 1048576K
}
Event: 20.371 GC heap after
{Heap after GC invocations=37 (full 0):
 garbage-first heap   total 373760K, used 150689K [0x0000000080000000, 0x0000000100000000)
  region size 1024K, 2 young (2048K), 2 survivors (2048K)
 Metaspace       used 99711K, capacity 102250K, committed 102480K, reserved 1138688K
  class space    used 13111K, capacity 14102K, committed 14208K, reserved 1048576K
}
Event: 21.040 GC heap before
{Heap before GC invocations=37 (full 0):
 garbage-first heap   total 373760K, used 282785K [0x0000000080000000, 0x0000000100000000)
  region size 1024K, 132 young (135168K), 2 survivors (2048K)
 Metaspace       used 100160K, capacity 102683K, committed 102992K, reserved 1138688K
  class space    used 13125K, capacity 14112K, committed 14208K, reserved 1048576K
}
Event: 21.048 GC heap after
{Heap after GC invocations=38 (full 0):
 garbage-first heap   total 373760K, used 152676K [0x0000000080000000, 0x0000000100000000)
  region size 1024K, 4 young (4096K), 4 survivors (4096K)
 Metaspace       used 100160K, capacity 102683K, committed 102992K, reserved 1138688K
  class space    used 13125K, capacity 14112K, committed 14208K, reserved 1048576K
}
Event: 21.638 GC heap before
{Heap before GC invocations=38 (full 0):
 garbage-first heap   total 373760K, used 291940K [0x0000000080000000, 0x0000000100000000)
  region size 1024K, 138 young (141312K), 4 survivors (4096K)
 Metaspace       used 100465K, capacity 103079K, committed 103248K, reserved 1138688K
  class space    used 13130K, capacity 14151K, committed 14208K, reserved 1048576K
}
Event: 21.645 GC heap after
{Heap after GC invocations=39 (full 0):
 garbage-first heap   total 373760K, used 151929K [0x0000000080000000, 0x0000000100000000)
  region size 1024K, 4 young (4096K), 4 survivors (4096K)
 Metaspace       used 100465K, capacity 103079K, committed 103248K, reserved 1138688K
  class space    used 13130K, capacity 14151K, committed 14208K, reserved 1048576K
}
Event: 22.026 GC heap before
{Heap before GC invocations=39 (full 0):
 garbage-first heap   total 373760K, used 301433K [0x0000000080000000, 0x0000000100000000)
  region size 1024K, 151 young (154624K), 4 survivors (4096K)
 Metaspace       used 100984K, capacity 103579K, committed 103888K, reserved 1138688K
  class space    used 13201K, capacity 14219K, committed 14336K, reserved 1048576K
}
Event: 22.037 GC heap after
{Heap after GC invocations=40 (full 0):
 garbage-first heap   total 373760K, used 152946K [0x0000000080000000, 0x0000000100000000)
  region size 1024K, 5 young (5120K), 5 survivors (5120K)
 Metaspace       used 100984K, capacity 103579K, committed 103888K, reserved 1138688K
  class space    used 13201K, capacity 14219K, committed 14336K, reserved 1048576K
}
Event: 22.389 GC heap before
{Heap before GC invocations=40 (full 0):
 garbage-first heap   total 373760K, used 312690K [0x0000000080000000, 0x0000000100000000)
  region size 1024K, 161 young (164864K), 5 survivors (5120K)
 Metaspace       used 101026K, capacity 103652K, committed 103888K, reserved 1138688K
  class space    used 13202K, capacity 14220K, committed 14336K, reserved 1048576K
}
Event: 22.402 GC heap after
{Heap after GC invocations=41 (full 0):
 garbage-first heap   total 373760K, used 153754K [0x0000000080000000, 0x0000000100000000)
  region size 1024K, 5 young (5120K), 5 survivors (5120K)
 Metaspace       used 101026K, capacity 103652K, committed 103888K, reserved 1138688K
  class space    used 13202K, capacity 14220K, committed 14336K, reserved 1048576K
}
Event: 22.848 GC heap before
{Heap before GC invocations=41 (full 0):
 garbage-first heap   total 373760K, used 317594K [0x0000000080000000, 0x0000000100000000)
  region size 1024K, 165 young (168960K), 5 survivors (5120K)
 Metaspace       used 101065K, capacity 103656K, committed 103888K, reserved 1138688K
  class space    used 13204K, capacity 14221K, committed 14336K, reserved 1048576K
}
Event: 22.860 GC heap after
{Heap after GC invocations=42 (full 0):
 garbage-first heap   total 373760K, used 154415K [0x0000000080000000, 0x0000000100000000)
  region size 1024K, 6 young (6144K), 6 survivors (6144K)
 Metaspace       used 101065K, capacity 103656K, committed 103888K, reserved 1138688K
  class space    used 13204K, capacity 14221K, committed 14336K, reserved 1048576K
}
Event: 23.272 GC heap before
{Heap before GC invocations=42 (full 0):
 garbage-first heap   total 373760K, used 318255K [0x0000000080000000, 0x0000000100000000)
  region size 1024K, 166 young (169984K), 6 survivors (6144K)
 Metaspace       used 101089K, capacity 103721K, committed 103888K, reserved 1138688K
  class space    used 13204K, capacity 14221K, committed 14336K, reserved 1048576K
}
Event: 23.285 GC heap after
{Heap after GC invocations=43 (full 0):
 garbage-first heap   total 373760K, used 155523K [0x0000000080000000, 0x0000000100000000)
  region size 1024K, 7 young (7168K), 7 survivors (7168K)
 Metaspace       used 101089K, capacity 103721K, committed 103888K, reserved 1138688K
  class space    used 13204K, capacity 14221K, committed 14336K, reserved 1048576K
}
Event: 23.641 GC heap before
{Heap before GC invocations=43 (full 0):
 garbage-first heap   total 373760K, used 320387K [0x0000000080000000, 0x0000000100000000)
  region size 1024K, 168 young (172032K), 7 survivors (7168K)
 Metaspace       used 101117K, capacity 103721K, committed 103888K, reserved 1138688K
  class space    used 13204K, capacity 14221K, committed 14336K, reserved 1048576K
}
Event: 23.656 GC heap after
{Heap after GC invocations=44 (full 0):
 garbage-first heap   total 373760K, used 155948K [0x0000000080000000, 0x0000000100000000)
  region size 1024K, 7 young (7168K), 7 survivors (7168K)
 Metaspace       used 101117K, capacity 103721K, committed 103888K, reserved 1138688K
  class space    used 13204K, capacity 14221K, committed 14336K, reserved 1048576K
}
Event: 24.015 GC heap before
{Heap before GC invocations=44 (full 0):
 garbage-first heap   total 373760K, used 323884K [0x0000000080000000, 0x0000000100000000)
  region size 1024K, 171 young (175104K), 7 survivors (7168K)
 Metaspace       used 101127K, capacity 103730K, committed 103888K, reserved 1138688K
  class space    used 13205K, capacity 14224K, committed 14336K, reserved 1048576K
}

