# JRE version: OpenJDK Runtime Environment (11.0.11+9) (build 11.0.11+9-b60-7590822)
# Java VM: OpenJDK 64-Bit Server VM (11.0.11+9-b60-7590822, mixed mode, tiered, compressed oops, g1 gc, windows-amd64)
Heap:
 garbage-first heap   total 427008K, used 204423K [0x0000000080000000, 0x0000000100000000)
  region size 1024K, 6 young (6144K), 6 survivors (6144K)
 Metaspace       used 130844K, capacity 134611K, committed 134812K, reserved 1167360K
  class space    used 16453K, capacity 17916K, committed 17996K, reserved 1048576K
GC Heap History (20 events):
Event: 156.853 GC heap after
{Heap after GC invocations=102 (full 0):
 garbage-first heap   total 324608K, used 198872K [0x0000000080000000, 0x0000000100000000)
  region size 1024K, 2 young (2048K), 2 survivors (2048K)
 Metaspace       used 128294K, capacity 131891K, committed 132124K, reserved 1163264K
  class space    used 16230K, capacity 17593K, committed 17612K, reserved 1048576K
}
Event: 157.101 GC heap before
{Heap before GC invocations=102 (full 0):
 garbage-first heap   total 324608K, used 270552K [0x0000000080000000, 0x0000000100000000)
  region size 1024K, 72 young (73728K), 2 survivors (2048K)
 Metaspace       used 128426K, capacity 132040K, committed 132124K, reserved 1163264K
  class space    used 16234K, capacity 17600K, committed 17612K, reserved 1048576K
}
Event: 157.108 GC heap after
{Heap after GC invocations=103 (full 0):
 garbage-first heap   total 324608K, used 199682K [0x0000000080000000, 0x0000000100000000)
  region size 1024K, 3 young (3072K), 3 survivors (3072K)
 Metaspace       used 128426K, capacity 132040K, committed 132124K, reserved 1163264K
  class space    used 16234K, capacity 17600K, committed 17612K, reserved 1048576K
}
Event: 157.262 GC heap before
{Heap before GC invocations=103 (full 0):
 garbage-first heap   total 324608K, used 272386K [0x0000000080000000, 0x0000000100000000)
  region size 1024K, 74 young (75776K), 3 survivors (3072K)
 Metaspace       used 128478K, capacity 132109K, committed 132124K, reserved 1163264K
  class space    used 16235K, capacity 17601K, committed 17612K, reserved 1048576K
}
Event: 157.268 GC heap after
{Heap after GC invocations=104 (full 0):
 garbage-first heap   total 324608K, used 199396K [0x0000000080000000, 0x0000000100000000)
  region size 1024K, 3 young (3072K), 3 survivors (3072K)
 Metaspace       used 128478K, capacity 132109K, committed 132124K, reserved 1163264K
  class space    used 16235K, capacity 17601K, committed 17612K, reserved 1048576K
}
Event: 157.448 GC heap before
{Heap before GC invocations=104 (full 0):
 garbage-first heap   total 324608K, used 274148K [0x0000000080000000, 0x0000000100000000)
  region size 1024K, 77 young (78848K), 3 survivors (3072K)
 Metaspace       used 128923K, capacity 132578K, committed 132764K, reserved 1165312K
  class space    used 16283K, capacity 17670K, committed 17740K, reserved 1048576K
}
Event: 157.455 GC heap after
{Heap after GC invocations=105 (full 0):
 garbage-first heap   total 324608K, used 200577K [0x0000000080000000, 0x0000000100000000)
  region size 1024K, 4 young (4096K), 4 survivors (4096K)
 Metaspace       used 128923K, capacity 132578K, committed 132764K, reserved 1165312K
  class space    used 16283K, capacity 17670K, committed 17740K, reserved 1048576K
}
Event: 157.636 GC heap before
{Heap before GC invocations=105 (full 0):
 garbage-first heap   total 324608K, used 278401K [0x0000000080000000, 0x0000000100000000)
  region size 1024K, 80 young (81920K), 4 survivors (4096K)
 Metaspace       used 129549K, capacity 133212K, committed 133404K, reserved 1165312K
  class space    used 16353K, capacity 17754K, committed 17868K, reserved 1048576K
}
Event: 157.646 GC heap after
{Heap after GC invocations=106 (full 0):
 garbage-first heap   total 324608K, used 201412K [0x0000000080000000, 0x0000000100000000)
  region size 1024K, 5 young (5120K), 5 survivors (5120K)
 Metaspace       used 129549K, capacity 133212K, committed 133404K, reserved 1165312K
  class space    used 16353K, capacity 17754K, committed 17868K, reserved 1048576K
}
Event: 157.994 GC heap before
{Heap before GC invocations=106 (full 0):
 garbage-first heap   total 324608K, used 280260K [0x0000000080000000, 0x0000000100000000)
  region size 1024K, 82 young (83968K), 5 survivors (5120K)
 Metaspace       used 130020K, capacity 133708K, committed 133916K, reserved 1165312K
  class space    used 16378K, capacity 17806K, committed 17868K, reserved 1048576K
}
Event: 158.001 GC heap after
{Heap after GC invocations=107 (full 0):
 garbage-first heap   total 324608K, used 200922K [0x0000000080000000, 0x0000000100000000)
  region size 1024K, 4 young (4096K), 4 survivors (4096K)
 Metaspace       used 130020K, capacity 133708K, committed 133916K, reserved 1165312K
  class space    used 16378K, capacity 17806K, committed 17868K, reserved 1048576K
}
Event: 158.328 GC heap before
{Heap before GC invocations=107 (full 0):
 garbage-first heap   total 324608K, used 281818K [0x0000000080000000, 0x0000000100000000)
  region size 1024K, 83 young (84992K), 4 survivors (4096K)
 Metaspace       used 130369K, capacity 134132K, committed 134172K, reserved 1165312K
  class space    used 16415K, capacity 17836K, committed 17868K, reserved 1048576K
}
Event: 158.339 GC heap after
{Heap after GC invocations=108 (full 0):
 garbage-first heap   total 324608K, used 201867K [0x0000000080000000, 0x0000000100000000)
  region size 1024K, 5 young (5120K), 5 survivors (5120K)
 Metaspace       used 130369K, capacity 134132K, committed 134172K, reserved 1165312K
  class space    used 16415K, capacity 17836K, committed 17868K, reserved 1048576K
}
Event: 158.511 GC heap before
{Heap before GC invocations=108 (full 0):
 garbage-first heap   total 324608K, used 281739K [0x0000000080000000, 0x0000000100000000)
  region size 1024K, 83 young (84992K), 5 survivors (5120K)
 Metaspace       used 130594K, capacity 134398K, committed 134556K, reserved 1165312K
  class space    used 16442K, capacity 17898K, committed 17996K, reserved 1048576K
}
Event: 158.520 GC heap after
{Heap after GC invocations=109 (full 0):
 garbage-first heap   total 324608K, used 201961K [0x0000000080000000, 0x0000000100000000)
  region size 1024K, 5 young (5120K), 5 survivors (5120K)
 Metaspace       used 130594K, capacity 134398K, committed 134556K, reserved 1165312K
  class space    used 16442K, capacity 17898K, committed 17996K, reserved 1048576K
}
Event: 159.041 GC heap before
{Heap before GC invocations=109 (full 0):
 garbage-first heap   total 324608K, used 282857K [0x0000000080000000, 0x0000000100000000)
  region size 1024K, 84 young (86016K), 5 survivors (5120K)
 Metaspace       used 130787K, capacity 134594K, committed 134812K, reserved 1167360K
  class space    used 16450K, capacity 17911K, committed 17996K, reserved 1048576K
}
Event: 159.063 GC heap after
{Heap after GC invocations=110 (full 0):
 garbage-first heap   total 324608K, used 201520K [0x0000000080000000, 0x0000000100000000)
  region size 1024K, 5 young (5120K), 5 survivors (5120K)
 Metaspace       used 130787K, capacity 134594K, committed 134812K, reserved 1167360K
  class space    used 16450K, capacity 17911K, committed 17996K, reserved 1048576K
}
Event: 159.297 GC heap before
{Heap before GC invocations=110 (full 0):
 garbage-first heap   total 324608K, used 282416K [0x0000000080000000, 0x0000000100000000)
  region size 1024K, 84 young (86016K), 5 survivors (5120K)
 Metaspace       used 130826K, capacity 134610K, committed 134812K, reserved 1167360K
  class space    used 16453K, capacity 17916K, committed 17996K, reserved 1048576K
}
Event: 159.312 GC heap after
{Heap after GC invocations=111 (full 0):
 garbage-first heap   total 324608K, used 204459K [0x0000000080000000, 0x0000000100000000)
  region size 1024K, 8 young (8192K), 8 survivors (8192K)
 Metaspace       used 130826K, capacity 134610K, committed 134812K, reserved 1167360K
  class space    used 16453K, capacity 17916K, committed 17996K, reserved 1048576K
}
Event: 159.509 GC heap before
{Heap before GC invocations=111 (full 0):
 garbage-first heap   total 324608K, used 282283K [0x0000000080000000, 0x0000000100000000)
  region size 1024K, 84 young (86016K), 8 survivors (8192K)
 Metaspace       used 130844K, capacity 134611K, committed 134812K, reserved 1167360K
  class space    used 16453K, capacity 17916K, committed 17996K, reserved 1048576K
}

